{"level":"info","message":"Hello World!","service":"acqusitions-api"}
{"level":"info","message":"::1 - - [13/Nov/2025:19:55:30 +0000] \"GET / HTTP/1.1\" 304 - \"-\" \"Mozilla/5.0 (Windows NT 10.0; Win64; x64) AppleWebKit/537.36 (KHTML, like Gecko) Chrome/142.0.0.0 Safari/537.36 Edg/142.0.0.0\"","service":"acqusitions-api"}
{"level":"info","message":"::1 - - [13/Nov/2025:19:55:30 +0000] \"GET /favicon.ico HTTP/1.1\" 404 150 \"-\" \"Mozilla/5.0 (Windows NT 10.0; Win64; x64) AppleWebKit/537.36 (KHTML, like Gecko) Chrome/142.0.0.0 Safari/537.36 Edg/142.0.0.0\"","service":"acqusitions-api"}
{"level":"info","message":"Hello World!","service":"acqusitions-api"}
{"level":"info","message":"::1 - - [14/Nov/2025:05:02:28 +0000] \"GET / HTTP/1.1\" 200 20 \"-\" \"PostmanRuntime/7.49.1\"","service":"acqusitions-api"}
{"level":"info","message":"Hello World!","service":"acqusitions-api"}
{"level":"info","message":"::1 - - [14/Nov/2025:05:02:49 +0000] \"GET / HTTP/1.1\" 200 20 \"-\" \"PostmanRuntime/7.49.1\"","service":"acqusitions-api"}
{"level":"info","message":"::1 - - [14/Nov/2025:05:02:56 +0000] \"GET /api HTTP/1.1\" 200 40 \"-\" \"PostmanRuntime/7.49.1\"","service":"acqusitions-api"}
{"level":"info","message":"::1 - - [14/Nov/2025:05:03:18 +0000] \"GET /health HTTP/1.1\" 200 75 \"-\" \"PostmanRuntime/7.49.1\"","service":"acqusitions-api"}
{"level":"info","message":"::1 - - [14/Nov/2025:05:04:00 +0000] \"POST /api/auth/sign-in HTTP/1.1\" 200 31 \"-\" \"PostmanRuntime/7.49.1\"","service":"acqusitions-api"}
{"level":"info","message":"::1 - - [14/Nov/2025:09:54:01 +0000] \"POST /api/auth/sign-up HTTP/1.1\" 400 93 \"-\" \"PostmanRuntime/7.49.1\"","service":"acqusitions-api"}
{"level":"info","message":"::1 - - [14/Nov/2025:09:56:05 +0000] \"POST /api/auth/sign-up?email=y@gmail.com&name=ynot&password=123456 HTTP/1.1\" 400 93 \"-\" \"PostmanRuntime/7.49.1\"","service":"acqusitions-api"}
{"level":"info","message":"::1 - - [14/Nov/2025:09:56:58 +0000] \"POST /api/auth/sign-up HTTP/1.1\" 400 93 \"-\" \"PostmanRuntime/7.49.1\"","service":"acqusitions-api"}
{"level":"info","message":"::1 - - [14/Nov/2025:10:02:29 +0000] \"POST /api/auth/sign-up HTTP/1.1\" 400 93 \"-\" \"PostmanRuntime/7.49.1\"","service":"acqusitions-api"}
{"level":"info","message":"::1 - - [14/Nov/2025:10:03:03 +0000] \"POST /api/auth/sign-up HTTP/1.1\" 400 93 \"-\" \"PostmanRuntime/7.49.1\"","service":"acqusitions-api"}
{"level":"info","message":"::1 - - [14/Nov/2025:10:03:07 +0000] \"POST /api/auth/sign-up HTTP/1.1\" 400 93 \"-\" \"PostmanRuntime/7.49.1\"","service":"acqusitions-api"}
{"level":"info","message":"::1 - - [14/Nov/2025:10:03:47 +0000] \"POST /api/auth/sign-up HTTP/1.1\" 400 93 \"-\" \"PostmanRuntime/7.49.1\"","service":"acqusitions-api"}
{"level":"info","message":"::1 - - [14/Nov/2025:10:03:57 +0000] \"POST /api/auth/sign-up HTTP/1.1\" 400 93 \"-\" \"PostmanRuntime/7.49.1\"","service":"acqusitions-api"}
{"level":"info","message":"::1 - - [14/Nov/2025:10:04:23 +0000] \"POST /api/auth/sign-up HTTP/1.1\" 400 93 \"-\" \"PostmanRuntime/7.49.1\"","service":"acqusitions-api"}
{"level":"info","message":"::1 - - [14/Nov/2025:10:07:04 +0000] \"POST /api/auth/sign-up HTTP/1.1\" 400 93 \"-\" \"PostmanRuntime/7.49.1\"","service":"acqusitions-api"}
{"level":"info","message":"::1 - - [14/Nov/2025:10:27:06 +0000] \"POST /api/auth/sign-up HTTP/1.1\" 400 92 \"-\" \"PostmanRuntime/7.49.1\"","service":"acquisitions-api"}
{"level":"info","message":"::1 - - [14/Nov/2025:10:27:08 +0000] \"POST /api/auth/sign-up HTTP/1.1\" 400 92 \"-\" \"PostmanRuntime/7.49.1\"","service":"acquisitions-api"}
